TR93 0AA
TR93 0AB
TR93 0AL
TR93 0AR
TR93 0AS
TR93 0AZ
TR93 0BB
TR93 0BD
TR93 0BE
TR93 0BH
TR93 0BL
TR93 0BZ
TR93 0DN
TR93 0EN
TR93 0EW
TR93 0FA
TR93 0FG
TR93 0FT
TR93 0GD
TR93 0HH
TR93 0HR
TR93 0HT
TR93 0LP
TR93 0LU
TR93 0ND
TR93 0NS
TR93 0NT
TR93 0PD
TR93 0PE
TR93 0PL
TR93 0PR
TR93 0RS
TR93 0SA
TR93 0SE
TR93 0SP
TR93 0SR
TR93 0SS
TR93 0ST
TR93 0SY
TR93 0TJ
TR93 0WG
TR93 0XF
TR93 0XX
TR93 0YD
SW99 0HR
ST55 9AL
ST55 9AQ
ST55 9AR
ST55 9AU
ST55 9BE
ST55 9BF
ST55 9BT
ST55 9BU
ST55 9BZ
ST55 9DB
ST55 9DL
ST55 9DN
ST55 9DP
ST55 9DU
ST55 9DW
ST55 9DX
ST55 9DZ
ST55 9EB
ST55 9ED
ST55 9EF
ST55 9EG
ST55 9EH
ST55 9EN
ST55 9EP
ST55 9ES
ST55 9EU
ST55 9EW
ST55 9EX
ST55 9EZ
ST55 9FB
ST55 9FD
ST55 9FE
ST55 9FF
ST55 9FG
ST55 9FL
ST55 9FN
ST55 9FT
ST55 9SA
ST55 9SB
ST55 9SD
ST55 9SE
ST55 9SF
ST55 9SG
ST55 9SH
ST55 9SJ
ST55 9SL
ST55 9SN
ST55 9SP
ST55 9SQ
ST55 9SR
ST55 9SS
ST55 9ST
ST55 9SU
ST55 9SW
ST55 9SX
ST55 9SY
ST55 9SZ
ST55 9TA
ST55 9TB
ST55 9TD
ST55 9TE
ST55 9ZY
ST55 9AJ
ST55 9FW
ST55 9GE
ST55 9GF
ST55 9GX
ST55 9GY
ST55 9HA
BS80 8AA
BS80 8AB
BS80 8AD
BS80 8AE
BS80 8AF
BS80 8AG
BS80 8AH
BS80 8AJ
BS80 8AL
BS80 8AN
BS80 8AP
BS80 8AQ
BS80 8AR
BS80 8AS
BS80 8AT
BS80 8AU
BS80 8AW
BS80 8AX
BS80 8AY
